Symlinking /home/hdcl-ros/ballbotRepo/catkin_ws/devel/include/brics_actuator/CartesianPose.h
Symlinking /home/hdcl-ros/ballbotRepo/catkin_ws/devel/include/brics_actuator/CartesianVector.h
Symlinking /home/hdcl-ros/ballbotRepo/catkin_ws/devel/include/brics_actuator/JointTorques.h
Symlinking /home/hdcl-ros/ballbotRepo/catkin_ws/devel/include/brics_actuator/CartesianTwist.h
Symlinking /home/hdcl-ros/ballbotRepo/catkin_ws/devel/include/brics_actuator/JointValue.h
Symlinking /home/hdcl-ros/ballbotRepo/catkin_ws/devel/include/brics_actuator/JointVelocities.h
Symlinking /home/hdcl-ros/ballbotRepo/catkin_ws/devel/include/brics_actuator/JointPositions.h
Symlinking /home/hdcl-ros/ballbotRepo/catkin_ws/devel/include/brics_actuator/CartesianWrench.h
Symlinking /home/hdcl-ros/ballbotRepo/catkin_ws/devel/include/brics_actuator/Poison.h
Symlinking /home/hdcl-ros/ballbotRepo/catkin_ws/devel/include/brics_actuator/JointConstraint.h
Symlinking /home/hdcl-ros/ballbotRepo/catkin_ws/devel/include/brics_actuator/JointAccelerations.h
Symlinking /home/hdcl-ros/ballbotRepo/catkin_ws/devel/include/brics_actuator/JointImpedances.h
Symlinking /home/hdcl-ros/ballbotRepo/catkin_ws/devel/lib/pkgconfig/brics_actuator.pc
Symlinking /home/hdcl-ros/ballbotRepo/catkin_ws/devel/lib/python2.7/dist-packages/brics_actuator/__init__.py
Symlinking /home/hdcl-ros/ballbotRepo/catkin_ws/devel/lib/python2.7/dist-packages/brics_actuator/msg/_Poison.py
Symlinking /home/hdcl-ros/ballbotRepo/catkin_ws/devel/lib/python2.7/dist-packages/brics_actuator/msg/_JointAccelerations.py
Symlinking /home/hdcl-ros/ballbotRepo/catkin_ws/devel/lib/python2.7/dist-packages/brics_actuator/msg/_JointPositions.py
Symlinking /home/hdcl-ros/ballbotRepo/catkin_ws/devel/lib/python2.7/dist-packages/brics_actuator/msg/_JointConstraint.py
Symlinking /home/hdcl-ros/ballbotRepo/catkin_ws/devel/lib/python2.7/dist-packages/brics_actuator/msg/_CartesianVector.py
Symlinking /home/hdcl-ros/ballbotRepo/catkin_ws/devel/lib/python2.7/dist-packages/brics_actuator/msg/_JointTorques.py
Symlinking /home/hdcl-ros/ballbotRepo/catkin_ws/devel/lib/python2.7/dist-packages/brics_actuator/msg/__init__.py
Symlinking /home/hdcl-ros/ballbotRepo/catkin_ws/devel/lib/python2.7/dist-packages/brics_actuator/msg/_CartesianPose.py
Symlinking /home/hdcl-ros/ballbotRepo/catkin_ws/devel/lib/python2.7/dist-packages/brics_actuator/msg/_JointImpedances.py
Symlinking /home/hdcl-ros/ballbotRepo/catkin_ws/devel/lib/python2.7/dist-packages/brics_actuator/msg/_JointVelocities.py
Symlinking /home/hdcl-ros/ballbotRepo/catkin_ws/devel/lib/python2.7/dist-packages/brics_actuator/msg/_JointValue.py
Symlinking /home/hdcl-ros/ballbotRepo/catkin_ws/devel/lib/python2.7/dist-packages/brics_actuator/msg/_CartesianWrench.py
Symlinking /home/hdcl-ros/ballbotRepo/catkin_ws/devel/lib/python2.7/dist-packages/brics_actuator/msg/_CartesianTwist.py
Symlinking /home/hdcl-ros/ballbotRepo/catkin_ws/devel/share/gennodejs/ros/brics_actuator/_index.js
Symlinking /home/hdcl-ros/ballbotRepo/catkin_ws/devel/share/gennodejs/ros/brics_actuator/msg/JointVelocities.js
Symlinking /home/hdcl-ros/ballbotRepo/catkin_ws/devel/share/gennodejs/ros/brics_actuator/msg/CartesianPose.js
Symlinking /home/hdcl-ros/ballbotRepo/catkin_ws/devel/share/gennodejs/ros/brics_actuator/msg/CartesianVector.js
Symlinking /home/hdcl-ros/ballbotRepo/catkin_ws/devel/share/gennodejs/ros/brics_actuator/msg/JointConstraint.js
Symlinking /home/hdcl-ros/ballbotRepo/catkin_ws/devel/share/gennodejs/ros/brics_actuator/msg/JointTorques.js
Symlinking /home/hdcl-ros/ballbotRepo/catkin_ws/devel/share/gennodejs/ros/brics_actuator/msg/Poison.js
Symlinking /home/hdcl-ros/ballbotRepo/catkin_ws/devel/share/gennodejs/ros/brics_actuator/msg/JointPositions.js
Symlinking /home/hdcl-ros/ballbotRepo/catkin_ws/devel/share/gennodejs/ros/brics_actuator/msg/JointValue.js
Symlinking /home/hdcl-ros/ballbotRepo/catkin_ws/devel/share/gennodejs/ros/brics_actuator/msg/_index.js
Symlinking /home/hdcl-ros/ballbotRepo/catkin_ws/devel/share/gennodejs/ros/brics_actuator/msg/JointImpedances.js
Symlinking /home/hdcl-ros/ballbotRepo/catkin_ws/devel/share/gennodejs/ros/brics_actuator/msg/CartesianTwist.js
Symlinking /home/hdcl-ros/ballbotRepo/catkin_ws/devel/share/gennodejs/ros/brics_actuator/msg/JointAccelerations.js
Symlinking /home/hdcl-ros/ballbotRepo/catkin_ws/devel/share/gennodejs/ros/brics_actuator/msg/CartesianWrench.js
Symlinking /home/hdcl-ros/ballbotRepo/catkin_ws/devel/share/brics_actuator/cmake/brics_actuatorConfig-version.cmake
Symlinking /home/hdcl-ros/ballbotRepo/catkin_ws/devel/share/brics_actuator/cmake/brics_actuatorConfig.cmake
Symlinking /home/hdcl-ros/ballbotRepo/catkin_ws/devel/share/brics_actuator/cmake/brics_actuator-msg-paths.cmake
Symlinking /home/hdcl-ros/ballbotRepo/catkin_ws/devel/share/brics_actuator/cmake/brics_actuator-msg-extras.cmake
Symlinking /home/hdcl-ros/ballbotRepo/catkin_ws/devel/share/roseus/ros/brics_actuator/manifest.l
Symlinking /home/hdcl-ros/ballbotRepo/catkin_ws/devel/share/roseus/ros/brics_actuator/msg/JointTorques.l
Symlinking /home/hdcl-ros/ballbotRepo/catkin_ws/devel/share/roseus/ros/brics_actuator/msg/JointConstraint.l
Symlinking /home/hdcl-ros/ballbotRepo/catkin_ws/devel/share/roseus/ros/brics_actuator/msg/CartesianVector.l
Symlinking /home/hdcl-ros/ballbotRepo/catkin_ws/devel/share/roseus/ros/brics_actuator/msg/JointVelocities.l
Symlinking /home/hdcl-ros/ballbotRepo/catkin_ws/devel/share/roseus/ros/brics_actuator/msg/JointPositions.l
Symlinking /home/hdcl-ros/ballbotRepo/catkin_ws/devel/share/roseus/ros/brics_actuator/msg/JointValue.l
Symlinking /home/hdcl-ros/ballbotRepo/catkin_ws/devel/share/roseus/ros/brics_actuator/msg/JointAccelerations.l
Symlinking /home/hdcl-ros/ballbotRepo/catkin_ws/devel/share/roseus/ros/brics_actuator/msg/CartesianPose.l
Symlinking /home/hdcl-ros/ballbotRepo/catkin_ws/devel/share/roseus/ros/brics_actuator/msg/CartesianTwist.l
Symlinking /home/hdcl-ros/ballbotRepo/catkin_ws/devel/share/roseus/ros/brics_actuator/msg/JointImpedances.l
Symlinking /home/hdcl-ros/ballbotRepo/catkin_ws/devel/share/roseus/ros/brics_actuator/msg/Poison.l
Symlinking /home/hdcl-ros/ballbotRepo/catkin_ws/devel/share/roseus/ros/brics_actuator/msg/CartesianWrench.l
Symlinking /home/hdcl-ros/ballbotRepo/catkin_ws/devel/share/common-lisp/ros/brics_actuator/msg/Poison.lisp
Symlinking /home/hdcl-ros/ballbotRepo/catkin_ws/devel/share/common-lisp/ros/brics_actuator/msg/JointVelocities.lisp
Symlinking /home/hdcl-ros/ballbotRepo/catkin_ws/devel/share/common-lisp/ros/brics_actuator/msg/CartesianWrench.lisp
Symlinking /home/hdcl-ros/ballbotRepo/catkin_ws/devel/share/common-lisp/ros/brics_actuator/msg/JointTorques.lisp
Symlinking /home/hdcl-ros/ballbotRepo/catkin_ws/devel/share/common-lisp/ros/brics_actuator/msg/_package_JointImpedances.lisp
Symlinking /home/hdcl-ros/ballbotRepo/catkin_ws/devel/share/common-lisp/ros/brics_actuator/msg/JointConstraint.lisp
Symlinking /home/hdcl-ros/ballbotRepo/catkin_ws/devel/share/common-lisp/ros/brics_actuator/msg/_package_JointConstraint.lisp
Symlinking /home/hdcl-ros/ballbotRepo/catkin_ws/devel/share/common-lisp/ros/brics_actuator/msg/JointPositions.lisp
Symlinking /home/hdcl-ros/ballbotRepo/catkin_ws/devel/share/common-lisp/ros/brics_actuator/msg/_package_CartesianTwist.lisp
Symlinking /home/hdcl-ros/ballbotRepo/catkin_ws/devel/share/common-lisp/ros/brics_actuator/msg/brics_actuator-msg.asd
Symlinking /home/hdcl-ros/ballbotRepo/catkin_ws/devel/share/common-lisp/ros/brics_actuator/msg/_package_JointPositions.lisp
Symlinking /home/hdcl-ros/ballbotRepo/catkin_ws/devel/share/common-lisp/ros/brics_actuator/msg/_package.lisp
Symlinking /home/hdcl-ros/ballbotRepo/catkin_ws/devel/share/common-lisp/ros/brics_actuator/msg/_package_CartesianWrench.lisp
Symlinking /home/hdcl-ros/ballbotRepo/catkin_ws/devel/share/common-lisp/ros/brics_actuator/msg/_package_CartesianVector.lisp
Symlinking /home/hdcl-ros/ballbotRepo/catkin_ws/devel/share/common-lisp/ros/brics_actuator/msg/CartesianVector.lisp
Symlinking /home/hdcl-ros/ballbotRepo/catkin_ws/devel/share/common-lisp/ros/brics_actuator/msg/JointValue.lisp
Symlinking /home/hdcl-ros/ballbotRepo/catkin_ws/devel/share/common-lisp/ros/brics_actuator/msg/_package_JointValue.lisp
Symlinking /home/hdcl-ros/ballbotRepo/catkin_ws/devel/share/common-lisp/ros/brics_actuator/msg/CartesianPose.lisp
Symlinking /home/hdcl-ros/ballbotRepo/catkin_ws/devel/share/common-lisp/ros/brics_actuator/msg/_package_JointTorques.lisp
Symlinking /home/hdcl-ros/ballbotRepo/catkin_ws/devel/share/common-lisp/ros/brics_actuator/msg/_package_CartesianPose.lisp
Symlinking /home/hdcl-ros/ballbotRepo/catkin_ws/devel/share/common-lisp/ros/brics_actuator/msg/_package_JointVelocities.lisp
Symlinking /home/hdcl-ros/ballbotRepo/catkin_ws/devel/share/common-lisp/ros/brics_actuator/msg/_package_JointAccelerations.lisp
Symlinking /home/hdcl-ros/ballbotRepo/catkin_ws/devel/share/common-lisp/ros/brics_actuator/msg/JointAccelerations.lisp
Symlinking /home/hdcl-ros/ballbotRepo/catkin_ws/devel/share/common-lisp/ros/brics_actuator/msg/JointImpedances.lisp
Symlinking /home/hdcl-ros/ballbotRepo/catkin_ws/devel/share/common-lisp/ros/brics_actuator/msg/_package_Poison.lisp
Symlinking /home/hdcl-ros/ballbotRepo/catkin_ws/devel/share/common-lisp/ros/brics_actuator/msg/CartesianTwist.lisp
