[35m[1mScanning dependencies of target _brics_actuator_generate_messages_check_deps_JointImpedances[0m
[  0%] Built target _brics_actuator_generate_messages_check_deps_JointImpedances
[35m[1mScanning dependencies of target _brics_actuator_generate_messages_check_deps_JointTorques[0m
[  0%] Built target _brics_actuator_generate_messages_check_deps_JointTorques
[35m[1mScanning dependencies of target _brics_actuator_generate_messages_check_deps_JointConstraint[0m
[  0%] Built target _brics_actuator_generate_messages_check_deps_JointConstraint
[35m[1mScanning dependencies of target _brics_actuator_generate_messages_check_deps_Poison[0m
[  0%] Built target _brics_actuator_generate_messages_check_deps_Poison
[35m[1mScanning dependencies of target geometry_msgs_generate_messages_nodejs[0m
[  0%] Built target geometry_msgs_generate_messages_nodejs
[35m[1mScanning dependencies of target _brics_actuator_generate_messages_check_deps_CartesianTwist[0m
[35m[1mScanning dependencies of target _brics_actuator_generate_messages_check_deps_JointAccelerations[0m
[  0%] Built target _brics_actuator_generate_messages_check_deps_JointAccelerations
[  0%] Built target _brics_actuator_generate_messages_check_deps_CartesianTwist
[35m[1mScanning dependencies of target _brics_actuator_generate_messages_check_deps_CartesianWrench[0m
[35m[1mScanning dependencies of target _brics_actuator_generate_messages_check_deps_JointVelocities[0m
[35m[1mScanning dependencies of target _brics_actuator_generate_messages_check_deps_CartesianPose[0m
[  0%] Built target _brics_actuator_generate_messages_check_deps_CartesianWrench
[  0%] Built target _brics_actuator_generate_messages_check_deps_CartesianPose
[  0%] Built target _brics_actuator_generate_messages_check_deps_JointVelocities
[35m[1mScanning dependencies of target _brics_actuator_generate_messages_check_deps_JointPositions[0m
[35m[1mScanning dependencies of target _brics_actuator_generate_messages_check_deps_CartesianVector[0m
[35m[1mScanning dependencies of target _brics_actuator_generate_messages_check_deps_JointValue[0m
[  0%] Built target _brics_actuator_generate_messages_check_deps_JointPositions
[  0%] Built target _brics_actuator_generate_messages_check_deps_CartesianVector
[  0%] Built target _brics_actuator_generate_messages_check_deps_JointValue
[35m[1mScanning dependencies of target geometry_msgs_generate_messages_cpp[0m
[35m[1mScanning dependencies of target geometry_msgs_generate_messages_lisp[0m
[35m[1mScanning dependencies of target geometry_msgs_generate_messages_py[0m
[  0%] Built target geometry_msgs_generate_messages_cpp
[  0%] Built target geometry_msgs_generate_messages_lisp
[  0%] Built target geometry_msgs_generate_messages_py
[35m[1mScanning dependencies of target geometry_msgs_generate_messages_eus[0m
[35m[1mScanning dependencies of target brics_actuator_generate_messages_cpp[0m
[35m[1mScanning dependencies of target brics_actuator_generate_messages_nodejs[0m
[  0%] Built target geometry_msgs_generate_messages_eus
[  1%] [34m[1mGenerating Javascript code from brics_actuator/JointVelocities.msg[0m
[  3%] [34m[1mGenerating C++ code from brics_actuator/JointVelocities.msg[0m
[  4%] [34m[1mGenerating Javascript code from brics_actuator/JointPositions.msg[0m
[35m[1mScanning dependencies of target brics_actuator_generate_messages_lisp[0m
[  6%] [34m[1mGenerating Javascript code from brics_actuator/CartesianTwist.msg[0m
[35m[1mScanning dependencies of target brics_actuator_generate_messages_py[0m
[  8%] [34m[1mGenerating Lisp code from brics_actuator/JointVelocities.msg[0m
[  9%] [34m[1mGenerating Python from MSG brics_actuator/JointVelocities[0m
[35m[1mScanning dependencies of target brics_actuator_generate_messages_eus[0m
[ 11%] [34m[1mGenerating Lisp code from brics_actuator/JointPositions.msg[0m
[ 12%] [34m[1mGenerating EusLisp code from brics_actuator/JointVelocities.msg[0m
[ 14%] [34m[1mGenerating Lisp code from brics_actuator/CartesianTwist.msg[0m
[ 16%] [34m[1mGenerating C++ code from brics_actuator/JointPositions.msg[0m
[ 17%] [34m[1mGenerating Python from MSG brics_actuator/JointPositions[0m
[ 19%] [34m[1mGenerating EusLisp code from brics_actuator/JointPositions.msg[0m
[ 22%] [34m[1mGenerating EusLisp code from brics_actuator/CartesianTwist.msg[0m
[ 22%] [34m[1mGenerating C++ code from brics_actuator/CartesianTwist.msg[0m
[ 24%] [34m[1mGenerating Python from MSG brics_actuator/CartesianTwist[0m
[ 25%] [34m[1mGenerating EusLisp code from brics_actuator/CartesianPose.msg[0m
[ 27%] [34m[1mGenerating C++ code from brics_actuator/CartesianPose.msg[0m
[ 29%] [34m[1mGenerating Python from MSG brics_actuator/CartesianPose[0m
[ 35%] [34m[1mGenerating Lisp code from brics_actuator/CartesianPose.msg[0m
[ 35%] [34m[1mGenerating C++ code from brics_actuator/JointConstraint.msg[0m
[ 35%] [34m[1mGenerating EusLisp code from brics_actuator/JointConstraint.msg[0m
[ 35%] [34m[1mGenerating Javascript code from brics_actuator/CartesianPose.msg[0m
[ 37%] [34m[1mGenerating Python from MSG brics_actuator/JointConstraint[0m
[ 38%] [34m[1mGenerating Javascript code from brics_actuator/JointConstraint.msg[0m
[ 40%] [34m[1mGenerating EusLisp code from brics_actuator/Poison.msg[0m
[ 41%] [34m[1mGenerating EusLisp code from brics_actuator/JointValue.msg[0m
[ 43%] [34m[1mGenerating Python from MSG brics_actuator/Poison[0m
[ 45%] [34m[1mGenerating C++ code from brics_actuator/Poison.msg[0m
[ 46%] [34m[1mGenerating EusLisp code from brics_actuator/CartesianWrench.msg[0m
[ 48%] [34m[1mGenerating Python from MSG brics_actuator/JointValue[0m
[ 50%] [34m[1mGenerating EusLisp code from brics_actuator/CartesianVector.msg[0m
[ 51%] [34m[1mGenerating C++ code from brics_actuator/JointValue.msg[0m
[ 53%] [34m[1mGenerating Python from MSG brics_actuator/CartesianWrench[0m
[ 54%] [34m[1mGenerating EusLisp code from brics_actuator/JointAccelerations.msg[0m
[ 56%] [34m[1mGenerating EusLisp code from brics_actuator/JointImpedances.msg[0m
[ 58%] [34m[1mGenerating C++ code from brics_actuator/CartesianWrench.msg[0m
[ 59%] [34m[1mGenerating Python from MSG brics_actuator/CartesianVector[0m
[ 61%] [34m[1mGenerating EusLisp code from brics_actuator/JointTorques.msg[0m
[ 62%] [34m[1mGenerating EusLisp manifest code for brics_actuator[0m
[ 64%] [34m[1mGenerating Python from MSG brics_actuator/JointAccelerations[0m
[ 66%] [34m[1mGenerating C++ code from brics_actuator/CartesianVector.msg[0m
[ 67%] [34m[1mGenerating Python from MSG brics_actuator/JointImpedances[0m
[ 69%] [34m[1mGenerating C++ code from brics_actuator/JointAccelerations.msg[0m
[ 70%] [34m[1mGenerating Javascript code from brics_actuator/Poison.msg[0m
[ 72%] [34m[1mGenerating Lisp code from brics_actuator/JointConstraint.msg[0m
[ 74%] [34m[1mGenerating Lisp code from brics_actuator/Poison.msg[0m
[ 75%] [34m[1mGenerating Javascript code from brics_actuator/JointValue.msg[0m
[ 77%] [34m[1mGenerating Python from MSG brics_actuator/JointTorques[0m
[ 79%] [34m[1mGenerating Lisp code from brics_actuator/JointValue.msg[0m
[ 80%] [34m[1mGenerating C++ code from brics_actuator/JointImpedances.msg[0m
[ 82%] [34m[1mGenerating Javascript code from brics_actuator/CartesianWrench.msg[0m
[ 83%] [34m[1mGenerating Lisp code from brics_actuator/CartesianWrench.msg[0m
[ 85%] [34m[1mGenerating Python msg __init__.py for brics_actuator[0m
[ 87%] [34m[1mGenerating Javascript code from brics_actuator/CartesianVector.msg[0m
[ 88%] [34m[1mGenerating Lisp code from brics_actuator/CartesianVector.msg[0m
[ 90%] [34m[1mGenerating Javascript code from brics_actuator/JointAccelerations.msg[0m
[ 91%] [34m[1mGenerating Lisp code from brics_actuator/JointAccelerations.msg[0m
[ 93%] [34m[1mGenerating Javascript code from brics_actuator/JointImpedances.msg[0m
[ 95%] [34m[1mGenerating C++ code from brics_actuator/JointTorques.msg[0m
[ 95%] Built target brics_actuator_generate_messages_py
[ 96%] [34m[1mGenerating Javascript code from brics_actuator/JointTorques.msg[0m
[ 98%] [34m[1mGenerating Lisp code from brics_actuator/JointImpedances.msg[0m
[ 98%] Built target brics_actuator_generate_messages_nodejs
[100%] [34m[1mGenerating Lisp code from brics_actuator/JointTorques.msg[0m
[100%] Built target brics_actuator_generate_messages_cpp
[100%] Built target brics_actuator_generate_messages_lisp
[100%] Built target brics_actuator_generate_messages_eus
[35m[1mScanning dependencies of target brics_actuator_generate_messages[0m
[100%] Built target brics_actuator_generate_messages
