Linked: (/home/hdcl-ros/ballbotRepo/devel/.private/vrep_skeleton_msg_and_srv/include/vrep_skeleton_msg_and_srv/displayTextRequest.h, /home/hdcl-ros/ballbotRepo/devel/include/vrep_skeleton_msg_and_srv/displayTextRequest.h)
Linked: (/home/hdcl-ros/ballbotRepo/devel/.private/vrep_skeleton_msg_and_srv/include/vrep_skeleton_msg_and_srv/displayTextResponse.h, /home/hdcl-ros/ballbotRepo/devel/include/vrep_skeleton_msg_and_srv/displayTextResponse.h)
Linked: (/home/hdcl-ros/ballbotRepo/devel/.private/vrep_skeleton_msg_and_srv/include/vrep_skeleton_msg_and_srv/displayText.h, /home/hdcl-ros/ballbotRepo/devel/include/vrep_skeleton_msg_and_srv/displayText.h)
Linked: (/home/hdcl-ros/ballbotRepo/devel/.private/vrep_skeleton_msg_and_srv/lib/pkgconfig/vrep_skeleton_msg_and_srv.pc, /home/hdcl-ros/ballbotRepo/devel/lib/pkgconfig/vrep_skeleton_msg_and_srv.pc)
Linked: (/home/hdcl-ros/ballbotRepo/devel/.private/vrep_skeleton_msg_and_srv/lib/python2.7/dist-packages/vrep_skeleton_msg_and_srv/__init__.py, /home/hdcl-ros/ballbotRepo/devel/lib/python2.7/dist-packages/vrep_skeleton_msg_and_srv/__init__.py)
Linked: (/home/hdcl-ros/ballbotRepo/devel/.private/vrep_skeleton_msg_and_srv/lib/python2.7/dist-packages/vrep_skeleton_msg_and_srv/srv/_displayText.py, /home/hdcl-ros/ballbotRepo/devel/lib/python2.7/dist-packages/vrep_skeleton_msg_and_srv/srv/_displayText.py)
Linked: (/home/hdcl-ros/ballbotRepo/devel/.private/vrep_skeleton_msg_and_srv/lib/python2.7/dist-packages/vrep_skeleton_msg_and_srv/srv/__init__.py, /home/hdcl-ros/ballbotRepo/devel/lib/python2.7/dist-packages/vrep_skeleton_msg_and_srv/srv/__init__.py)
Linked: (/home/hdcl-ros/ballbotRepo/devel/.private/vrep_skeleton_msg_and_srv/share/gennodejs/ros/vrep_skeleton_msg_and_srv/_index.js, /home/hdcl-ros/ballbotRepo/devel/share/gennodejs/ros/vrep_skeleton_msg_and_srv/_index.js)
Linked: (/home/hdcl-ros/ballbotRepo/devel/.private/vrep_skeleton_msg_and_srv/share/gennodejs/ros/vrep_skeleton_msg_and_srv/srv/displayText.js, /home/hdcl-ros/ballbotRepo/devel/share/gennodejs/ros/vrep_skeleton_msg_and_srv/srv/displayText.js)
Linked: (/home/hdcl-ros/ballbotRepo/devel/.private/vrep_skeleton_msg_and_srv/share/gennodejs/ros/vrep_skeleton_msg_and_srv/srv/_index.js, /home/hdcl-ros/ballbotRepo/devel/share/gennodejs/ros/vrep_skeleton_msg_and_srv/srv/_index.js)
Linked: (/home/hdcl-ros/ballbotRepo/devel/.private/vrep_skeleton_msg_and_srv/share/roseus/ros/vrep_skeleton_msg_and_srv/manifest.l, /home/hdcl-ros/ballbotRepo/devel/share/roseus/ros/vrep_skeleton_msg_and_srv/manifest.l)
Linked: (/home/hdcl-ros/ballbotRepo/devel/.private/vrep_skeleton_msg_and_srv/share/roseus/ros/vrep_skeleton_msg_and_srv/srv/displayText.l, /home/hdcl-ros/ballbotRepo/devel/share/roseus/ros/vrep_skeleton_msg_and_srv/srv/displayText.l)
Linked: (/home/hdcl-ros/ballbotRepo/devel/.private/vrep_skeleton_msg_and_srv/share/vrep_skeleton_msg_and_srv/cmake/vrep_skeleton_msg_and_srvConfig.cmake, /home/hdcl-ros/ballbotRepo/devel/share/vrep_skeleton_msg_and_srv/cmake/vrep_skeleton_msg_and_srvConfig.cmake)
Linked: (/home/hdcl-ros/ballbotRepo/devel/.private/vrep_skeleton_msg_and_srv/share/vrep_skeleton_msg_and_srv/cmake/vrep_skeleton_msg_and_srv-msg-paths.cmake, /home/hdcl-ros/ballbotRepo/devel/share/vrep_skeleton_msg_and_srv/cmake/vrep_skeleton_msg_and_srv-msg-paths.cmake)
Linked: (/home/hdcl-ros/ballbotRepo/devel/.private/vrep_skeleton_msg_and_srv/share/vrep_skeleton_msg_and_srv/cmake/vrep_skeleton_msg_and_srvConfig-version.cmake, /home/hdcl-ros/ballbotRepo/devel/share/vrep_skeleton_msg_and_srv/cmake/vrep_skeleton_msg_and_srvConfig-version.cmake)
Linked: (/home/hdcl-ros/ballbotRepo/devel/.private/vrep_skeleton_msg_and_srv/share/vrep_skeleton_msg_and_srv/cmake/vrep_skeleton_msg_and_srv-msg-extras.cmake, /home/hdcl-ros/ballbotRepo/devel/share/vrep_skeleton_msg_and_srv/cmake/vrep_skeleton_msg_and_srv-msg-extras.cmake)
Linked: (/home/hdcl-ros/ballbotRepo/devel/.private/vrep_skeleton_msg_and_srv/share/common-lisp/ros/vrep_skeleton_msg_and_srv/srv/vrep_skeleton_msg_and_srv-srv.asd, /home/hdcl-ros/ballbotRepo/devel/share/common-lisp/ros/vrep_skeleton_msg_and_srv/srv/vrep_skeleton_msg_and_srv-srv.asd)
Linked: (/home/hdcl-ros/ballbotRepo/devel/.private/vrep_skeleton_msg_and_srv/share/common-lisp/ros/vrep_skeleton_msg_and_srv/srv/_package_displayText.lisp, /home/hdcl-ros/ballbotRepo/devel/share/common-lisp/ros/vrep_skeleton_msg_and_srv/srv/_package_displayText.lisp)
Linked: (/home/hdcl-ros/ballbotRepo/devel/.private/vrep_skeleton_msg_and_srv/share/common-lisp/ros/vrep_skeleton_msg_and_srv/srv/displayText.lisp, /home/hdcl-ros/ballbotRepo/devel/share/common-lisp/ros/vrep_skeleton_msg_and_srv/srv/displayText.lisp)
Linked: (/home/hdcl-ros/ballbotRepo/devel/.private/vrep_skeleton_msg_and_srv/share/common-lisp/ros/vrep_skeleton_msg_and_srv/srv/_package.lisp, /home/hdcl-ros/ballbotRepo/devel/share/common-lisp/ros/vrep_skeleton_msg_and_srv/srv/_package.lisp)
