Not searching for unused variables given on the command line.
[36m--[0m Using CATKIN_DEVEL_PREFIX: /home/hdcl-ros/ballbotRepo/devel/.private/vrep_ros_interface
[36m--[0m Using CMAKE_PREFIX_PATH: /home/hdcl-ros/ballbotRepo/devel;/opt/ros/melodic
[36m--[0m This workspace overlays: /home/hdcl-ros/ballbotRepo/devel;/opt/ros/melodic
[36m--[0m Found PythonInterp: /usr/bin/python2 (found suitable version "2.7.15", minimum required is "2")
[36m--[0m Using PYTHON_EXECUTABLE: /usr/bin/python2
[36m--[0m Using Debian Python package layout
[36m--[0m Using empy: /usr/bin/empy
[36m--[0m Using CATKIN_ENABLE_TESTING: ON
[36m--[0m Call enable_testing()
[36m--[0m Using CATKIN_TEST_RESULTS_DIR: /home/hdcl-ros/ballbotRepo/build/vrep_ros_interface/test_results
[36m--[0m Found gmock sources under '/usr/src/googletest': gmock will be built
[36m--[0m Found PythonInterp: /usr/bin/python2 (found version "2.7.15")
[36m--[0m Found gtest sources under '/usr/src/googletest': gtests will be built
[36m--[0m Using Python nosetests: /usr/bin/nosetests-2.7
[36m--[0m catkin 0.7.14
[36m--[0m Using these message generators: gencpp;geneus;genlisp;gennodejs;genpy
[36m--[0m Found V-REP installation at /home/hdcl-ros/Downloads/V-REP_PRO_EDU_V3_5_0_Linux.
[36m--[0m Checking V-REP header version...
[36m--[0m V-REP headers version 3.5.0 rev6
[36m--[0m Checking if V-REP has Qt3D...
[36m--[0m V-REP has no Qt3D
[36m--[0m Found Git: /usr/bin/git (found version "2.17.1")
[36m--[0m Configuring done
[36m--[0m Generating done
[36m--[0m Build files have been written to: /home/hdcl-ros/ballbotRepo/build/vrep_ros_interface
