Determining if the pthread_create exist failed with the following output:
Change Dir: /home/hdcl-ros/ballbotRepo/build/tf2_sensor_msgs/CMakeFiles/CMakeTmp

Run Build Command:"/usr/bin/make" "cmTC_8d06f/fast"
/usr/bin/make -f CMakeFiles/cmTC_8d06f.dir/build.make CMakeFiles/cmTC_8d06f.dir/build
make[1]: Entering directory '/home/hdcl-ros/ballbotRepo/build/tf2_sensor_msgs/CMakeFiles/CMakeTmp'
Building C object CMakeFiles/cmTC_8d06f.dir/CheckSymbolExists.c.o
/usr/bin/cc    -o CMakeFiles/cmTC_8d06f.dir/CheckSymbolExists.c.o   -c /home/hdcl-ros/ballbotRepo/build/tf2_sensor_msgs/CMakeFiles/CMakeTmp/CheckSymbolExists.c
Linking C executable cmTC_8d06f
/usr/bin/cmake -E cmake_link_script CMakeFiles/cmTC_8d06f.dir/link.txt --verbose=1
/usr/bin/cc      -rdynamic CMakeFiles/cmTC_8d06f.dir/CheckSymbolExists.c.o  -o cmTC_8d06f 
CMakeFiles/cmTC_8d06f.dir/CheckSymbolExists.c.o: In function `main':
CheckSymbolExists.c:(.text+0x1b): undefined reference to `pthread_create'
collect2: error: ld returned 1 exit status
CMakeFiles/cmTC_8d06f.dir/build.make:97: recipe for target 'cmTC_8d06f' failed
make[1]: *** [cmTC_8d06f] Error 1
make[1]: Leaving directory '/home/hdcl-ros/ballbotRepo/build/tf2_sensor_msgs/CMakeFiles/CMakeTmp'
Makefile:126: recipe for target 'cmTC_8d06f/fast' failed
make: *** [cmTC_8d06f/fast] Error 2

File /home/hdcl-ros/ballbotRepo/build/tf2_sensor_msgs/CMakeFiles/CMakeTmp/CheckSymbolExists.c:
/* */
#include <pthread.h>

int main(int argc, char** argv)
{
  (void)argv;
#ifndef pthread_create
  return ((int*)(&pthread_create))[argc];
#else
  (void)argc;
  return 0;
#endif
}

Determining if the function pthread_create exists in the pthreads failed with the following output:
Change Dir: /home/hdcl-ros/ballbotRepo/build/tf2_sensor_msgs/CMakeFiles/CMakeTmp

Run Build Command:"/usr/bin/make" "cmTC_c9c61/fast"
/usr/bin/make -f CMakeFiles/cmTC_c9c61.dir/build.make CMakeFiles/cmTC_c9c61.dir/build
make[1]: Entering directory '/home/hdcl-ros/ballbotRepo/build/tf2_sensor_msgs/CMakeFiles/CMakeTmp'
Building C object CMakeFiles/cmTC_c9c61.dir/CheckFunctionExists.c.o
/usr/bin/cc   -DCHECK_FUNCTION_EXISTS=pthread_create   -o CMakeFiles/cmTC_c9c61.dir/CheckFunctionExists.c.o   -c /usr/share/cmake-3.10/Modules/CheckFunctionExists.c
Linking C executable cmTC_c9c61
/usr/bin/cmake -E cmake_link_script CMakeFiles/cmTC_c9c61.dir/link.txt --verbose=1
/usr/bin/cc  -DCHECK_FUNCTION_EXISTS=pthread_create    -rdynamic CMakeFiles/cmTC_c9c61.dir/CheckFunctionExists.c.o  -o cmTC_c9c61 -lpthreads 
/usr/bin/ld: cannot find -lpthreads
collect2: error: ld returned 1 exit status
CMakeFiles/cmTC_c9c61.dir/build.make:97: recipe for target 'cmTC_c9c61' failed
make[1]: *** [cmTC_c9c61] Error 1
make[1]: Leaving directory '/home/hdcl-ros/ballbotRepo/build/tf2_sensor_msgs/CMakeFiles/CMakeTmp'
Makefile:126: recipe for target 'cmTC_c9c61/fast' failed
make: *** [cmTC_c9c61/fast] Error 2


