Determining if the pthread_create exist failed with the following output:
Change Dir: /home/yinan/ballbotRepo/catkin_ws/build/vrep_ros_interface/CMakeFiles/CMakeTmp

Run Build Command:"/usr/bin/make" "cmTC_4da11/fast"
/usr/bin/make -f CMakeFiles/cmTC_4da11.dir/build.make CMakeFiles/cmTC_4da11.dir/build
make[1]: Entering directory '/home/yinan/ballbotRepo/catkin_ws/build/vrep_ros_interface/CMakeFiles/CMakeTmp'
Building C object CMakeFiles/cmTC_4da11.dir/CheckSymbolExists.c.o
/usr/bin/cc    -o CMakeFiles/cmTC_4da11.dir/CheckSymbolExists.c.o   -c /home/yinan/ballbotRepo/catkin_ws/build/vrep_ros_interface/CMakeFiles/CMakeTmp/CheckSymbolExists.c
Linking C executable cmTC_4da11
/usr/bin/cmake -E cmake_link_script CMakeFiles/cmTC_4da11.dir/link.txt --verbose=1
/usr/bin/cc      -rdynamic CMakeFiles/cmTC_4da11.dir/CheckSymbolExists.c.o  -o cmTC_4da11 
CMakeFiles/cmTC_4da11.dir/CheckSymbolExists.c.o: In function `main':
CheckSymbolExists.c:(.text+0x1b): undefined reference to `pthread_create'
collect2: error: ld returned 1 exit status
CMakeFiles/cmTC_4da11.dir/build.make:97: recipe for target 'cmTC_4da11' failed
make[1]: *** [cmTC_4da11] Error 1
make[1]: Leaving directory '/home/yinan/ballbotRepo/catkin_ws/build/vrep_ros_interface/CMakeFiles/CMakeTmp'
Makefile:126: recipe for target 'cmTC_4da11/fast' failed
make: *** [cmTC_4da11/fast] Error 2

File /home/yinan/ballbotRepo/catkin_ws/build/vrep_ros_interface/CMakeFiles/CMakeTmp/CheckSymbolExists.c:
/* */
#include <pthread.h>

int main(int argc, char** argv)
{
  (void)argv;
#ifndef pthread_create
  return ((int*)(&pthread_create))[argc];
#else
  (void)argc;
  return 0;
#endif
}

Determining if the function pthread_create exists in the pthreads failed with the following output:
Change Dir: /home/yinan/ballbotRepo/catkin_ws/build/vrep_ros_interface/CMakeFiles/CMakeTmp

Run Build Command:"/usr/bin/make" "cmTC_dd4fd/fast"
/usr/bin/make -f CMakeFiles/cmTC_dd4fd.dir/build.make CMakeFiles/cmTC_dd4fd.dir/build
make[1]: Entering directory '/home/yinan/ballbotRepo/catkin_ws/build/vrep_ros_interface/CMakeFiles/CMakeTmp'
Building C object CMakeFiles/cmTC_dd4fd.dir/CheckFunctionExists.c.o
/usr/bin/cc   -DCHECK_FUNCTION_EXISTS=pthread_create   -o CMakeFiles/cmTC_dd4fd.dir/CheckFunctionExists.c.o   -c /usr/share/cmake-3.10/Modules/CheckFunctionExists.c
Linking C executable cmTC_dd4fd
/usr/bin/cmake -E cmake_link_script CMakeFiles/cmTC_dd4fd.dir/link.txt --verbose=1
/usr/bin/cc  -DCHECK_FUNCTION_EXISTS=pthread_create    -rdynamic CMakeFiles/cmTC_dd4fd.dir/CheckFunctionExists.c.o  -o cmTC_dd4fd -lpthreads 
/usr/bin/x86_64-linux-gnu-ld: cannot find -lpthreads
collect2: error: ld returned 1 exit status
CMakeFiles/cmTC_dd4fd.dir/build.make:97: recipe for target 'cmTC_dd4fd' failed
make[1]: *** [cmTC_dd4fd] Error 1
make[1]: Leaving directory '/home/yinan/ballbotRepo/catkin_ws/build/vrep_ros_interface/CMakeFiles/CMakeTmp'
Makefile:126: recipe for target 'cmTC_dd4fd/fast' failed
make: *** [cmTC_dd4fd/fast] Error 2


