Determining if the pthread_create exist failed with the following output:
Change Dir: /home/yinan/ballbotRepo/catkin_ws/build/tf2_geometry_msgs/CMakeFiles/CMakeTmp

Run Build Command:"/usr/bin/make" "cmTC_bfdb5/fast"
/usr/bin/make -f CMakeFiles/cmTC_bfdb5.dir/build.make CMakeFiles/cmTC_bfdb5.dir/build
make[1]: Entering directory '/home/yinan/ballbotRepo/catkin_ws/build/tf2_geometry_msgs/CMakeFiles/CMakeTmp'
Building C object CMakeFiles/cmTC_bfdb5.dir/CheckSymbolExists.c.o
/usr/bin/cc    -o CMakeFiles/cmTC_bfdb5.dir/CheckSymbolExists.c.o   -c /home/yinan/ballbotRepo/catkin_ws/build/tf2_geometry_msgs/CMakeFiles/CMakeTmp/CheckSymbolExists.c
Linking C executable cmTC_bfdb5
/usr/bin/cmake -E cmake_link_script CMakeFiles/cmTC_bfdb5.dir/link.txt --verbose=1
/usr/bin/cc      -rdynamic CMakeFiles/cmTC_bfdb5.dir/CheckSymbolExists.c.o  -o cmTC_bfdb5 
CMakeFiles/cmTC_bfdb5.dir/CheckSymbolExists.c.o: In function `main':
CheckSymbolExists.c:(.text+0x1b): undefined reference to `pthread_create'
collect2: error: ld returned 1 exit status
CMakeFiles/cmTC_bfdb5.dir/build.make:97: recipe for target 'cmTC_bfdb5' failed
make[1]: *** [cmTC_bfdb5] Error 1
make[1]: Leaving directory '/home/yinan/ballbotRepo/catkin_ws/build/tf2_geometry_msgs/CMakeFiles/CMakeTmp'
Makefile:126: recipe for target 'cmTC_bfdb5/fast' failed
make: *** [cmTC_bfdb5/fast] Error 2

File /home/yinan/ballbotRepo/catkin_ws/build/tf2_geometry_msgs/CMakeFiles/CMakeTmp/CheckSymbolExists.c:
/* */
#include <pthread.h>

int main(int argc, char** argv)
{
  (void)argv;
#ifndef pthread_create
  return ((int*)(&pthread_create))[argc];
#else
  (void)argc;
  return 0;
#endif
}

Determining if the function pthread_create exists in the pthreads failed with the following output:
Change Dir: /home/yinan/ballbotRepo/catkin_ws/build/tf2_geometry_msgs/CMakeFiles/CMakeTmp

Run Build Command:"/usr/bin/make" "cmTC_d7fea/fast"
/usr/bin/make -f CMakeFiles/cmTC_d7fea.dir/build.make CMakeFiles/cmTC_d7fea.dir/build
make[1]: Entering directory '/home/yinan/ballbotRepo/catkin_ws/build/tf2_geometry_msgs/CMakeFiles/CMakeTmp'
Building C object CMakeFiles/cmTC_d7fea.dir/CheckFunctionExists.c.o
/usr/bin/cc   -DCHECK_FUNCTION_EXISTS=pthread_create   -o CMakeFiles/cmTC_d7fea.dir/CheckFunctionExists.c.o   -c /usr/share/cmake-3.10/Modules/CheckFunctionExists.c
Linking C executable cmTC_d7fea
/usr/bin/cmake -E cmake_link_script CMakeFiles/cmTC_d7fea.dir/link.txt --verbose=1
/usr/bin/cc  -DCHECK_FUNCTION_EXISTS=pthread_create    -rdynamic CMakeFiles/cmTC_d7fea.dir/CheckFunctionExists.c.o  -o cmTC_d7fea -lpthreads 
/usr/bin/ld: cannot find -lpthreads
collect2: error: ld returned 1 exit status
CMakeFiles/cmTC_d7fea.dir/build.make:97: recipe for target 'cmTC_d7fea' failed
make[1]: *** [cmTC_d7fea] Error 1
make[1]: Leaving directory '/home/yinan/ballbotRepo/catkin_ws/build/tf2_geometry_msgs/CMakeFiles/CMakeTmp'
Makefile:126: recipe for target 'cmTC_d7fea/fast' failed
make: *** [cmTC_d7fea/fast] Error 2


