Determining if the pthread_create exist failed with the following output:
Change Dir: /home/hdcl-ros/ballbotRepo/catkin_ws/build/tf2_kdl/CMakeFiles/CMakeTmp

Run Build Command:"/usr/bin/make" "cmTC_eb46f/fast"
/usr/bin/make -f CMakeFiles/cmTC_eb46f.dir/build.make CMakeFiles/cmTC_eb46f.dir/build
make[1]: Entering directory '/home/hdcl-ros/ballbotRepo/catkin_ws/build/tf2_kdl/CMakeFiles/CMakeTmp'
Building C object CMakeFiles/cmTC_eb46f.dir/CheckSymbolExists.c.o
/usr/bin/cc    -o CMakeFiles/cmTC_eb46f.dir/CheckSymbolExists.c.o   -c /home/hdcl-ros/ballbotRepo/catkin_ws/build/tf2_kdl/CMakeFiles/CMakeTmp/CheckSymbolExists.c
Linking C executable cmTC_eb46f
/usr/bin/cmake -E cmake_link_script CMakeFiles/cmTC_eb46f.dir/link.txt --verbose=1
/usr/bin/cc      -rdynamic CMakeFiles/cmTC_eb46f.dir/CheckSymbolExists.c.o  -o cmTC_eb46f 
CMakeFiles/cmTC_eb46f.dir/CheckSymbolExists.c.o: In function `main':
CheckSymbolExists.c:(.text+0x1b): undefined reference to `pthread_create'
collect2: error: ld returned 1 exit status
CMakeFiles/cmTC_eb46f.dir/build.make:97: recipe for target 'cmTC_eb46f' failed
make[1]: *** [cmTC_eb46f] Error 1
make[1]: Leaving directory '/home/hdcl-ros/ballbotRepo/catkin_ws/build/tf2_kdl/CMakeFiles/CMakeTmp'
Makefile:126: recipe for target 'cmTC_eb46f/fast' failed
make: *** [cmTC_eb46f/fast] Error 2

File /home/hdcl-ros/ballbotRepo/catkin_ws/build/tf2_kdl/CMakeFiles/CMakeTmp/CheckSymbolExists.c:
/* */
#include <pthread.h>

int main(int argc, char** argv)
{
  (void)argv;
#ifndef pthread_create
  return ((int*)(&pthread_create))[argc];
#else
  (void)argc;
  return 0;
#endif
}

Determining if the function pthread_create exists in the pthreads failed with the following output:
Change Dir: /home/hdcl-ros/ballbotRepo/catkin_ws/build/tf2_kdl/CMakeFiles/CMakeTmp

Run Build Command:"/usr/bin/make" "cmTC_bd801/fast"
/usr/bin/make -f CMakeFiles/cmTC_bd801.dir/build.make CMakeFiles/cmTC_bd801.dir/build
make[1]: Entering directory '/home/hdcl-ros/ballbotRepo/catkin_ws/build/tf2_kdl/CMakeFiles/CMakeTmp'
Building C object CMakeFiles/cmTC_bd801.dir/CheckFunctionExists.c.o
/usr/bin/cc   -DCHECK_FUNCTION_EXISTS=pthread_create   -o CMakeFiles/cmTC_bd801.dir/CheckFunctionExists.c.o   -c /usr/share/cmake-3.10/Modules/CheckFunctionExists.c
Linking C executable cmTC_bd801
/usr/bin/cmake -E cmake_link_script CMakeFiles/cmTC_bd801.dir/link.txt --verbose=1
/usr/bin/cc  -DCHECK_FUNCTION_EXISTS=pthread_create    -rdynamic CMakeFiles/cmTC_bd801.dir/CheckFunctionExists.c.o  -o cmTC_bd801 -lpthreads 
/usr/bin/ld: cannot find -lpthreads
collect2: error: ld returned 1 exit status
CMakeFiles/cmTC_bd801.dir/build.make:97: recipe for target 'cmTC_bd801' failed
make[1]: *** [cmTC_bd801] Error 1
make[1]: Leaving directory '/home/hdcl-ros/ballbotRepo/catkin_ws/build/tf2_kdl/CMakeFiles/CMakeTmp'
Makefile:126: recipe for target 'cmTC_bd801/fast' failed
make: *** [cmTC_bd801/fast] Error 2


