Determining if the pthread_create exist failed with the following output:
Change Dir: /home/hdcl-ros/ballbotRepo/catkin_ws/build/vrep_plugin_skeleton/CMakeFiles/CMakeTmp

Run Build Command:"/usr/bin/make" "cmTC_80c4b/fast"
/usr/bin/make -f CMakeFiles/cmTC_80c4b.dir/build.make CMakeFiles/cmTC_80c4b.dir/build
make[1]: Entering directory '/home/hdcl-ros/ballbotRepo/catkin_ws/build/vrep_plugin_skeleton/CMakeFiles/CMakeTmp'
Building C object CMakeFiles/cmTC_80c4b.dir/CheckSymbolExists.c.o
/usr/bin/cc    -o CMakeFiles/cmTC_80c4b.dir/CheckSymbolExists.c.o   -c /home/hdcl-ros/ballbotRepo/catkin_ws/build/vrep_plugin_skeleton/CMakeFiles/CMakeTmp/CheckSymbolExists.c
Linking C executable cmTC_80c4b
/usr/bin/cmake -E cmake_link_script CMakeFiles/cmTC_80c4b.dir/link.txt --verbose=1
/usr/bin/cc      -rdynamic CMakeFiles/cmTC_80c4b.dir/CheckSymbolExists.c.o  -o cmTC_80c4b 
CMakeFiles/cmTC_80c4b.dir/CheckSymbolExists.c.o: In function `main':
CheckSymbolExists.c:(.text+0x1b): undefined reference to `pthread_create'
collect2: error: ld returned 1 exit status
CMakeFiles/cmTC_80c4b.dir/build.make:97: recipe for target 'cmTC_80c4b' failed
make[1]: *** [cmTC_80c4b] Error 1
make[1]: Leaving directory '/home/hdcl-ros/ballbotRepo/catkin_ws/build/vrep_plugin_skeleton/CMakeFiles/CMakeTmp'
Makefile:126: recipe for target 'cmTC_80c4b/fast' failed
make: *** [cmTC_80c4b/fast] Error 2

File /home/hdcl-ros/ballbotRepo/catkin_ws/build/vrep_plugin_skeleton/CMakeFiles/CMakeTmp/CheckSymbolExists.c:
/* */
#include <pthread.h>

int main(int argc, char** argv)
{
  (void)argv;
#ifndef pthread_create
  return ((int*)(&pthread_create))[argc];
#else
  (void)argc;
  return 0;
#endif
}

Determining if the function pthread_create exists in the pthreads failed with the following output:
Change Dir: /home/hdcl-ros/ballbotRepo/catkin_ws/build/vrep_plugin_skeleton/CMakeFiles/CMakeTmp

Run Build Command:"/usr/bin/make" "cmTC_943cd/fast"
/usr/bin/make -f CMakeFiles/cmTC_943cd.dir/build.make CMakeFiles/cmTC_943cd.dir/build
make[1]: Entering directory '/home/hdcl-ros/ballbotRepo/catkin_ws/build/vrep_plugin_skeleton/CMakeFiles/CMakeTmp'
Building C object CMakeFiles/cmTC_943cd.dir/CheckFunctionExists.c.o
/usr/bin/cc   -DCHECK_FUNCTION_EXISTS=pthread_create   -o CMakeFiles/cmTC_943cd.dir/CheckFunctionExists.c.o   -c /usr/share/cmake-3.10/Modules/CheckFunctionExists.c
Linking C executable cmTC_943cd
/usr/bin/cmake -E cmake_link_script CMakeFiles/cmTC_943cd.dir/link.txt --verbose=1
/usr/bin/cc  -DCHECK_FUNCTION_EXISTS=pthread_create    -rdynamic CMakeFiles/cmTC_943cd.dir/CheckFunctionExists.c.o  -o cmTC_943cd -lpthreads 
/usr/bin/ld: cannot find -lpthreads
collect2: error: ld returned 1 exit status
CMakeFiles/cmTC_943cd.dir/build.make:97: recipe for target 'cmTC_943cd' failed
make[1]: *** [cmTC_943cd] Error 1
make[1]: Leaving directory '/home/hdcl-ros/ballbotRepo/catkin_ws/build/vrep_plugin_skeleton/CMakeFiles/CMakeTmp'
Makefile:126: recipe for target 'cmTC_943cd/fast' failed
make: *** [cmTC_943cd/fast] Error 2


